1686916714441:help
1686916718590:hello-world
1687006820736:a
1687006822419:help
1687006825673:read
1687006829806:read --help
1687006847905:write --help
1687006978123:write
1687006981337:read --help
1687007008866:read -f foo -b bar
1687007090657:write
1687007093457:read
1687007103382:read -f foo -b bar
1687021815997:help
1687021829151:csv-reader
1687021844151:csv-reader --file foo
1687021984400:help
1687021986943:csv-reader
1687021991205:csv-reader --file
1687021996805:csv-reader -file foo
1687085086739:help
1687085090060:csv-reader
1687085093539:csv-reader -f aaa
1687087184096:csv-reader
1687087221283:csv-reader -f file://Users/sorinvladu/Projects/anonossoftware/transaction-parser-cli/transaction_data.csv
1687087240085:csv-reader -f file:///Users/sorinvladu/Projects/anonossoftware/transaction-parser-cli/transaction_data.csv
1687087269352:csv-reader -f /Users/sorinvladu/Projects/anonossoftware/transaction-parser-cli/transaction_data.csv
1687104428015:help
1687104441349:pretty-writer
1687104592489:stacktrace
1687104597705:pretty-writer
1687104637759:csv-reader -f /Users/sorinvladu/Projects/anonossoftware/transaction-parser-cli/transaction_data.csv
1687104645642:pretty-writer
1687104704540:csv-reader -f /Users/sorinvladu/Projects/anonossoftware/transaction-parser-cli/transaction_data.csv
1687104708692:pretty-writer
1687105753841:help
1687105765739:csv-reader
1687105789286:csv-reader -f /Users/sorinvladu/Projects/anonossoftware/transaction-parser-cli/transaction_data.csv
1687105834359:help
1687105838108:json-writer
1687105846249:csv-reader -f /Users/sorinvladu/Projects/anonossoftware/transaction-parser-cli/transaction_data.csv
1687105854736:json-writer
1687105856838:pretty-writer
1687105974373:csv-reader -f /Users/sorinvladu/Projects/anonossoftware/transaction-parser-cli/transaction_data.csv
1687105976756:pretty-writer
1687105979553:json-writer
1687159031114:help
1687159048432:csv-reader -f /Users/sorinvladu/Projects/anonossoftware/transaction-parser-cli/transaction_data.csv
1687159054300:pretty-writer
1687159065701:json-writer
1687331644762:csv-reader -f
1687333875847:help
1687335275356:csv-reader -help
1687335278844:csv-reader --help
1687335285860:csv-reader help
1687335289937:csv-reader --help
1687335296606:csv-reader
1687335300297:help
1687335304207:csv-reader -h
1687335308791:csv-reader --help
1687335318071:help csv-reader
1687335563404:csv-reader --file /Users/sorinvladu/Projects/anonossoftware/transaction-parser-cli/transaction_data.csv --output //Users/sorinvladu/Projects/anonossoftware/transaction-parser-cli/output.txt
1687335756402:csv-reader --file /Users/sorinvladu/Projects/anonossoftware/transaction-parser-cli/transaction_data.csv
1687335779441:csv-reader --file /Users/sorinvladu/Projects/anonossoftware/transaction-parser-cli/transaction_data.csv --output //Users/sorinvladu/Projects/anonossoftware/transaction-parser-cli/output.txt
1687335874760:csv-reader --file /Users/sorinvladu/Projects/anonossoftware/transaction-parser-cli/transaction_data.csv
1687336490395:pretty-writer
1687336502849:pretty-writer --file
1687336525268:/Users/sorinvladu/Projects/anonossoftware/transaction-parser-cli --file output.txt
1687336532111:pretty-writer /Users/sorinvladu/Projects/anonossoftware/transaction-parser-cli --file output.txt
1687336551845:pretty-writer --file /Users/sorinvladu/Projects/anonossoftware/transaction-parser-cli/output.txt
1687336620735:csv-reader --file /Users/sorinvladu/Projects/anonossoftware/transaction-parser-cli/transaction_data.csv
1687336624062:pretty-writer --file /Users/sorinvladu/Projects/anonossoftware/transaction-parser-cli/output.txt
1687336626324:pretty-writer --file /Users/sorinvladu/Projects/anonossoftware/transaction-parser-cli/output2.txt
1687336639626:pretty-writer --file /Users/sorinvladu/Projects/anonossoftware/transaction-parser-cli/output.txt
1687336716906:json-writer --file /Users/sorinvladu/Projects/anonossoftware/transaction-parser-cli/output.txt
1687336720311:json-writer
